<?xml version="1.0" encoding="UTF-8"?>
<!-- Generated by org.testng.reporters.JUnitReportReporter -->
<testsuite hostname="DESKTOP-QF5VSDD" failures="0" tests="1" name="test_class.patch_test_class" time="2.913" errors="0" timestamp="2023-05-20T10:38:25 IST" skipped="0">
  <testcase classname="test_class.patch_test_class" name="orchestrator" time="2.913"/>
  <system-out/>
</testsuite> <!-- test_class.patch_test_class -->
